<?xml version="1.0" encoding="UTF-8"?>
<!-- Generated by org.testng.reporters.JUnitReportReporter -->
<testsuite hostname="LAPTOP-AJK53DAC" failures="0" tests="2" name="com.mystore.testcases.TC_ProductPageTest" time="23.355" errors="0" timestamp="2024-04-18T22:44:00 IST" skipped="0">
  <testcase classname="com.mystore.testcases.TC_ProductPageTest" name="VerifyBuyProduct" time="19.237"/>
  <testcase classname="com.mystore.testcases.TC_ProductPageTest" name="VerifySearchProduct" time="4.118"/>
</testsuite> <!-- com.mystore.testcases.TC_ProductPageTest -->
