<?xml version="1.0" encoding="UTF-8"?>
<!-- Generated by org.testng.reporters.JUnitReportReporter -->
<testsuite hostname="LAPTOP-AJK53DAC" failures="0" tests="3" name="com.mystore.testcases.TC_MyAccountPageTest" time="7.610" errors="0" timestamp="2024-04-18T22:44:00 IST" skipped="1">
  <testcase classname="com.mystore.testcases.TC_MyAccountPageTest" name="verifySignOut" time="2.889"/>
  <testcase classname="com.mystore.testcases.TC_MyAccountPageTest" name="verifyLogin" time="4.721"/>
  <testcase classname="com.mystore.testcases.TC_MyAccountPageTest" name="verifyRegistrationAndLogin">
    <skipped/>
  </testcase> <!-- verifyRegistrationAndLogin -->
</testsuite> <!-- com.mystore.testcases.TC_MyAccountPageTest -->
