<?xml version="1.0" encoding="UTF-8"?>
<!-- Generated by org.testng.reporters.JUnitReportReporter -->
<testsuite hostname="LAPTOP-AJK53DAC" failures="0" tests="2" name="com.mystore.testcases.TC_ProductPageTest" time="47.915" errors="0" timestamp="2024-04-19T14:13:12 IST" skipped="0">
  <testcase classname="com.mystore.testcases.TC_ProductPageTest" name="VerifySearchProduct" time="5.677"/>
  <testcase classname="com.mystore.testcases.TC_ProductPageTest" name="VerifyBuyProduct" time="42.238"/>
</testsuite> <!-- com.mystore.testcases.TC_ProductPageTest -->
