<?xml version="1.0" encoding="UTF-8"?>
<!-- Generated by org.testng.reporters.JUnitReportReporter -->
<testsuite hostname="LAPTOP-AJK53DAC" failures="0" tests="3" name="com.mystore.testcases.TC_MyAccountPageTest" time="12.238" errors="0" timestamp="2024-04-19T14:13:12 IST" skipped="1">
  <testcase classname="com.mystore.testcases.TC_MyAccountPageTest" name="verifySignOut" time="5.920"/>
  <testcase classname="com.mystore.testcases.TC_MyAccountPageTest" name="verifyLogin" time="6.318"/>
  <testcase classname="com.mystore.testcases.TC_MyAccountPageTest" name="verifyRegistrationAndLogin">
    <skipped/>
  </testcase> <!-- verifyRegistrationAndLogin -->
</testsuite> <!-- com.mystore.testcases.TC_MyAccountPageTest -->
